<?xml version="1.0" encoding="UTF-8"?>
<!-- Generated by org.testng.reporters.JUnitXMLReporter -->
<testsuite hostname="PPM-Server" name="JPMC" tests="4" failures="0" timestamp="5 Feb 2016 08:03:15 GMT" time="1425.666" errors="0">
  <testcase name="Login" time="32.651" classname="JobRun.RunLoadJob"/>
  <testcase name="RunLoadJobs" time="1388.018" classname="JobRun.RunLoadJob"/>
  <testcase name="dbconnect" time="4.98" classname="JobRun.RunLoadJob"/>
  <testcase name="OpenWithChrome" time="0.001" classname="JobRun.RunLoadJob">
    <skipped/>
  </testcase> <!-- OpenWithChrome -->
</testsuite> <!-- JPMC -->
