<?xml version="1.0" encoding="UTF-8"?>
<!-- Generated by org.testng.reporters.JUnitXMLReporter -->
<testsuite hostname="PPM-Server" name="Security Testing 70" tests="2" failures="0" timestamp="15 Feb 2016 09:59:07 GMT" time="18.051" errors="0">
  <testcase name="US3674_XSSLocators" time="18.049" classname="SecurityCheck.SecurityTest"/>
  <testcase name="OpenWithChrome" time="0.0" classname="SecurityCheck.SecurityTest">
    <skipped/>
  </testcase> <!-- OpenWithChrome -->
</testsuite> <!-- Security Testing 70 -->
