<?xml version="1.0" encoding="UTF-8"?>
<!-- Generated by org.testng.reporters.JUnitXMLReporter -->
<testsuite hostname="PPM-Server" name="Security Testing - XSSLocator" tests="2" failures="0" timestamp="7 Jan 2016 10:27:26 GMT" time="12.725" errors="0">
  <testcase name="US3674_XSSLocators" time="12.711" classname="JobRun.SecurityTest"/>
  <testcase name="OpenWithChrome" time="0.0" classname="JobRun.SecurityTest">
    <skipped/>
  </testcase> <!-- OpenWithChrome -->
</testsuite> <!-- Security Testing - XSSLocator -->
