<?xml version="1.0" encoding="UTF-8"?>
<!-- Generated by org.testng.reporters.JUnitXMLReporter -->
<testsuite hostname="PPM-Server" name="Security Testing 14" tests="2" failures="0" timestamp="7 Jan 2016 10:55:15 GMT" time="10.159" errors="0">
  <testcase name="US3674_XSSLocators" time="10.157" classname="JobRun.SecurityTest"/>
  <testcase name="OpenWithChrome" time="0.0" classname="JobRun.SecurityTest">
    <skipped/>
  </testcase> <!-- OpenWithChrome -->
</testsuite> <!-- Security Testing 14 -->
