<?xml version="1.0" encoding="UTF-8"?>
<!-- Generated by org.testng.reporters.JUnitXMLReporter -->
<testsuite hostname="PPM-Server" name="Security Testing - NoFilterEvasion" tests="2" failures="0" timestamp="7 Jan 2016 10:27:46 GMT" time="10.14" errors="0">
  <testcase name="US3674_XSSLocators" time="10.139" classname="JobRun.SecurityTest"/>
  <testcase name="OpenWithChrome" time="0.001" classname="JobRun.SecurityTest">
    <skipped/>
  </testcase> <!-- OpenWithChrome -->
</testsuite> <!-- Security Testing - NoFilterEvasion -->
