<?xml version="1.0" encoding="UTF-8"?>
<!-- Generated by org.testng.reporters.JUnitXMLReporter -->
<testsuite hostname="PPM-Server" name="Security Testing - 02" tests="2" failures="0" timestamp="7 Jan 2016 09:07:00 GMT" time="8.497" errors="0">
  <testcase name="US3674_XSSLocators" time="8.493" classname="JobRun.SecurityTest"/>
  <testcase name="OpenWithChrome" time="0.0" classname="JobRun.SecurityTest">
    <skipped/>
  </testcase> <!-- OpenWithChrome -->
</testsuite> <!-- Security Testing - 02 -->
