<?xml version="1.0" encoding="UTF-8"?>
<!-- Generated by org.testng.reporters.JUnitXMLReporter -->
<testsuite hostname="PPM-Server" name="Security Testing - 01" tests="2" failures="0" timestamp="7 Jan 2016 09:06:51 GMT" time="10.069" errors="0">
  <testcase name="US3674_XSSLocators" time="10.055" classname="JobRun.SecurityTest"/>
  <testcase name="OpenWithChrome" time="0.001" classname="JobRun.SecurityTest">
    <skipped/>
  </testcase> <!-- OpenWithChrome -->
</testsuite> <!-- Security Testing - 01 -->
