<?xml version="1.0" encoding="UTF-8"?>
<!-- Generated by org.testng.reporters.JUnitXMLReporter -->
<testsuite hostname="PPM-Server" name="Security Testing - XSSLocatorShort)" tests="2" failures="0" timestamp="7 Jan 2016 10:27:36 GMT" time="9.753" errors="0">
  <testcase name="US3674_XSSLocators" time="9.751" classname="JobRun.SecurityTest"/>
  <testcase name="OpenWithChrome" time="0.0" classname="JobRun.SecurityTest">
    <skipped/>
  </testcase> <!-- OpenWithChrome -->
</testsuite> <!-- Security Testing - XSSLocatorShort) -->
