<?xml version="1.0" encoding="UTF-8"?>
<!-- Generated by org.testng.reporters.JUnitXMLReporter -->
<testsuite hostname="PPM-Server" name="Security Testing 08" tests="2" failures="0" timestamp="15 Feb 2016 09:45:08 GMT" time="17.692" errors="0">
  <testcase name="US3674_XSSLocators" time="17.69" classname="SecurityCheck.SecurityTest"/>
  <testcase name="OpenWithChrome" time="0.0" classname="SecurityCheck.SecurityTest">
    <skipped/>
  </testcase> <!-- OpenWithChrome -->
</testsuite> <!-- Security Testing 08 -->
