<?xml version="1.0" encoding="UTF-8"?>
<!-- Generated by org.testng.reporters.JUnitXMLReporter -->
<testsuite hostname="PPM-Server" name="Security Testing 16" tests="2" failures="0" timestamp="7 Jan 2016 11:20:06 GMT" time="11.466" errors="0">
  <testcase name="US3674_XSSLocators" time="11.465" classname="JobRun.SecurityTest"/>
  <testcase name="OpenWithChrome" time="0.001" classname="JobRun.SecurityTest">
    <skipped/>
  </testcase> <!-- OpenWithChrome -->
</testsuite> <!-- Security Testing 16 -->
