<?xml version="1.0" encoding="UTF-8"?>
<!-- Generated by org.testng.reporters.JUnitXMLReporter -->
<testsuite hostname="PPM-Server" name="Security Testing 28" tests="2" failures="1" timestamp="15 Feb 2016 09:42:28 GMT" time="12.96" errors="0">
  <testcase name="US3674_XSSLocators" time="12.958" classname="SecurityCheck.SecurityTest">
    <failure type="java.io.IOException" message="The filename, directory name, or volume label syntax is incorrect">
      <![CDATA[java.io.IOException: The filename, directory name, or volume label syntax is incorrect
	at java.io.WinNTFileSystem.canonicalize0(Native Method)
	at java.io.WinNTFileSystem.canonicalize(Unknown Source)
	at java.io.File.getCanonicalPath(Unknown Source)
	at org.apache.commons.io.FileUtils.copyFile(FileUtils.java:1079)
	at org.apache.commons.io.FileUtils.copyFile(FileUtils.java:1038)
	at SecurityCheck.SecurityTest.US3674_XSSLocators(SecurityTest.java:36)
... Removed 24 stack frames]]>
    </failure>
  </testcase> <!-- US3674_XSSLocators -->
  <testcase name="OpenWithChrome" time="0.0" classname="SecurityCheck.SecurityTest">
    <skipped/>
  </testcase> <!-- OpenWithChrome -->
</testsuite> <!-- Security Testing 28 -->
