<?xml version="1.0" encoding="UTF-8"?>
<!-- Generated by org.testng.reporters.JUnitXMLReporter -->
<testsuite hostname="PPM-Server" name="Test2" tests="3" failures="0" timestamp="14 Oct 2015 11:30:45 GMT" time="51.082" errors="0">
  <testcase name="Login" time="15.759" classname="JobRun.RunLoadJob"/>
  <testcase name="RunLoadJobs" time="35.32" classname="JobRun.RunLoadJob"/>
  <testcase name="OpenWithChrome" time="0.0" classname="JobRun.RunLoadJob">
    <skipped/>
  </testcase> <!-- OpenWithChrome -->
</testsuite> <!-- Test2 -->
