<?xml version="1.0" encoding="UTF-8"?>
<!-- Generated by org.testng.reporters.JUnitXMLReporter -->
<testsuite hostname="PPM-Server" name="Test" tests="3" failures="0" timestamp="14 Oct 2015 09:28:27 GMT" time="51.229" errors="0">
  <testcase name="Login" time="16.183" classname="JobRun.RunLoadJob"/>
  <testcase name="RunLoadJobs" time="35.032" classname="JobRun.RunLoadJob"/>
  <testcase name="OpenWithChrome" time="0.0" classname="JobRun.RunLoadJob">
    <skipped/>
  </testcase> <!-- OpenWithChrome -->
</testsuite> <!-- Test -->
