<?xml version="1.0" encoding="UTF-8"?>
<!-- Generated by org.testng.reporters.JUnitXMLReporter -->
<testsuite hostname="PPM-Server" name="Test1" tests="3" failures="0" timestamp="14 Oct 2015 11:29:54 GMT" time="51.141" errors="0">
  <testcase name="Login" time="15.777" classname="JobRun.RunLoadJob"/>
  <testcase name="RunLoadJobs" time="35.349" classname="JobRun.RunLoadJob"/>
  <testcase name="OpenWithChrome" time="0.0" classname="JobRun.RunLoadJob">
    <skipped/>
  </testcase> <!-- OpenWithChrome -->
</testsuite> <!-- Test1 -->
